2024-07-02 12:34:39,472 INFO  [org.jboss.modules] (main) JBoss Modules version 2.1.5.Final
2024-07-02 12:34:39,835 INFO  [org.jboss.msc] (main) JBoss MSC version 1.5.4.Final
2024-07-02 12:34:39,839 INFO  [org.jboss.threads] (main) JBoss Threads version 2.4.0.Final
2024-07-02 12:34:39,906 INFO  [org.jboss.as] (MSC service thread 1-1) WFLYSRV0049: WildFly Full 32.0.1.Final (WildFly Core 24.0.1.Final) starting
2024-07-02 12:34:39,907 DEBUG [org.jboss.as.config] (MSC service thread 1-1) Configured system properties:
	[Standalone] = 
	file.encoding = UTF-8
	file.separator = /
	java.awt.headless = true
	java.class.path = /home/marisak/NetBeansProjects/taskProject/target/wildfly-32.0.1.Final/jboss-modules.jar
	java.class.version = 65.0
	java.home = /usr/lib/jvm/java-21-openjdk-21.0.3.0.9-1.fc40.x86_64
	java.io.tmpdir = /tmp
	java.library.path = /usr/java/packages/lib:/usr/lib64:/lib64:/lib:/usr/lib
	java.net.preferIPv4Stack = true
	java.runtime.name = OpenJDK Runtime Environment
	java.runtime.version = 21.0.3+9
	java.specification.name = Java Platform API Specification
	java.specification.vendor = Oracle Corporation
	java.specification.version = 21
	java.util.logging.manager = org.jboss.logmanager.LogManager
	java.vendor = Red Hat, Inc.
	java.vendor.url = https://www.redhat.com/
	java.vendor.url.bug = https://bugzilla.redhat.com/enter_bug.cgi?product=Fedora&component=java-21-openjdk&version=38
	java.vendor.version = (Red_Hat-21.0.3.0.9-1)
	java.version = 21.0.3
	java.version.date = 2024-04-16
	java.vm.compressedOopsMode = 32-bit
	java.vm.info = mixed mode, sharing
	java.vm.name = OpenJDK 64-Bit Server VM
	java.vm.specification.name = Java Virtual Machine Specification
	java.vm.specification.vendor = Oracle Corporation
	java.vm.specification.version = 21
	java.vm.vendor = Red Hat, Inc.
	java.vm.version = 21.0.3+9
	javax.management.builder.initial = org.jboss.as.jmx.PluggableMBeanServerBuilder
	jboss.home.dir = /home/marisak/NetBeansProjects/taskProject/target/wildfly-32.0.1.Final
	jboss.host.name = fedora
	jboss.modules.system.pkgs = org.jboss.byteman
	jboss.node.name = fedora
	jboss.qualified.host.name = fedora
	jboss.server.base.dir = /home/marisak/NetBeansProjects/taskProject/target/wildfly-32.0.1.Final/standalone
	jboss.server.config.dir = /home/marisak/NetBeansProjects/taskProject/target/wildfly-32.0.1.Final/standalone/configuration
	jboss.server.data.dir = /home/marisak/NetBeansProjects/taskProject/target/wildfly-32.0.1.Final/standalone/data
	jboss.server.log.dir = /home/marisak/NetBeansProjects/taskProject/target/wildfly-32.0.1.Final/standalone/log
	jboss.server.name = fedora
	jboss.server.persist.config = true
	jboss.server.temp.dir = /home/marisak/NetBeansProjects/taskProject/target/wildfly-32.0.1.Final/standalone/tmp
	jdk.debug = release
	line.separator = 

	logging.configuration = file:/home/marisak/NetBeansProjects/taskProject/target/wildfly-32.0.1.Final/standalone/configuration/logging.properties
	module.path = /home/marisak/NetBeansProjects/taskProject/target/wildfly-32.0.1.Final/modules
	native.encoding = UTF-8
	org.jboss.boot.log.file = /home/marisak/NetBeansProjects/taskProject/target/wildfly-32.0.1.Final/standalone/log/server.log
	org.jboss.resolver.warning = true
	os.arch = amd64
	os.name = Linux
	os.version = 6.9.5-200.fc40.x86_64
	path.separator = :
	stderr.encoding = UTF-8
	stdout.encoding = UTF-8
	sun.arch.data.model = 64
	sun.boot.library.path = /usr/lib/jvm/java-21-openjdk-21.0.3.0.9-1.fc40.x86_64/lib
	sun.cpu.endian = little
	sun.io.unicode.encoding = UnicodeLittle
	sun.java.command = /home/marisak/NetBeansProjects/taskProject/target/wildfly-32.0.1.Final/jboss-modules.jar -mp /home/marisak/NetBeansProjects/taskProject/target/wildfly-32.0.1.Final/modules org.jboss.as.standalone -Djboss.home.dir=/home/marisak/NetBeansProjects/taskProject/target/wildfly-32.0.1.Final -Djboss.server.base.dir=/home/marisak/NetBeansProjects/taskProject/target/wildfly-32.0.1.Final/standalone -Djboss.server.log.dir=/home/marisak/NetBeansProjects/taskProject/target/wildfly-32.0.1.Final/standalone/log -Djboss.server.config.dir=/home/marisak/NetBeansProjects/taskProject/target/wildfly-32.0.1.Final/standalone/configuration
	sun.java.launcher = SUN_STANDARD
	sun.jnu.encoding = UTF-8
	sun.management.compiler = HotSpot 64-Bit Tiered Compilers
	user.country = US
	user.dir = /home/marisak/NetBeansProjects/taskProject
	user.home = /home/marisak
	user.language = en
	user.name = marisak
	user.timezone = America/Guayaquil
2024-07-02 12:34:39,907 DEBUG [org.jboss.as.config] (MSC service thread 1-1) VM Arguments: -D[Standalone] -Xms64m -Xmx512m -Djava.net.preferIPv4Stack=true -Djava.awt.headless=true -Djboss.modules.system.pkgs=org.jboss.byteman --add-exports=java.base/sun.nio.ch=ALL-UNNAMED --add-exports=jdk.unsupported/sun.reflect=ALL-UNNAMED --add-exports=jdk.unsupported/sun.misc=ALL-UNNAMED -Dorg.jboss.boot.log.file=/home/marisak/NetBeansProjects/taskProject/target/wildfly-32.0.1.Final/standalone/log/server.log -Dlogging.configuration=file:/home/marisak/NetBeansProjects/taskProject/target/wildfly-32.0.1.Final/standalone/configuration/logging.properties 
2024-07-02 12:34:40,315 INFO  [org.wildfly.security] (Controller Boot Thread) ELY00001: WildFly Elytron version 2.4.2.Final
2024-07-02 12:34:40,533 INFO  [org.jboss.as.controller.management-deprecated] (ServerService Thread Pool -- 12) WFLYCTL0028: Attribute 'cluster' in the resource at address '/subsystem=ejb3/service=remote' is deprecated, and may be removed in a future version. See the attribute description in the output of the read-resource-description operation to learn more about the deprecation.
2024-07-02 12:34:40,560 INFO  [org.jboss.as.server] (Controller Boot Thread) WFLYSRV0039: Creating http management service using socket-binding (management-http)
2024-07-02 12:34:40,568 INFO  [org.xnio] (MSC service thread 1-6) XNIO version 3.8.15.Final
2024-07-02 12:34:40,571 INFO  [org.xnio.nio] (MSC service thread 1-6) XNIO NIO Implementation Version 3.8.15.Final
2024-07-02 12:34:40,597 INFO  [org.wildfly.extension.elytron.oidc._private] (ServerService Thread Pool -- 53) WFLYOIDC0001: Activating WildFly Elytron OIDC Subsystem
2024-07-02 12:34:40,602 INFO  [org.jboss.as.clustering.infinispan] (ServerService Thread Pool -- 55) WFLYCLINF0001: Activating Infinispan subsystem.
2024-07-02 12:34:40,603 INFO  [org.wildfly.extension.health] (ServerService Thread Pool -- 54) WFLYHEALTH0001: Activating Base Health Subsystem
2024-07-02 12:34:40,608 INFO  [org.jboss.as.jsf] (ServerService Thread Pool -- 62) WFLYJSF0007: Activated the following Jakarta Server Faces Implementations: [main]
2024-07-02 12:34:40,609 INFO  [org.jboss.as.jaxrs] (ServerService Thread Pool -- 57) WFLYRS0016: RESTEasy version 6.2.9.Final
2024-07-02 12:34:40,610 INFO  [org.jboss.as.connector] (MSC service thread 1-3) WFLYJCA0009: Starting Jakarta Connectors Subsystem (WildFly/IronJacamar 3.0.9.Final)
2024-07-02 12:34:40,612 INFO  [org.wildfly.extension.io] (ServerService Thread Pool -- 56) WFLYIO001: Worker 'default' has auto-configured to 24 IO threads with 192 max task threads based on your 12 available processors
2024-07-02 12:34:40,613 INFO  [org.wildfly.extension.microprofile.config.smallrye] (ServerService Thread Pool -- 65) WFLYCONF0001: Activating MicroProfile Config Subsystem
2024-07-02 12:34:40,614 INFO  [org.wildfly.extension.microprofile.jwt.smallrye] (ServerService Thread Pool -- 66) WFLYJWT0001: Activating MicroProfile JWT Subsystem
2024-07-02 12:34:40,619 INFO  [org.jboss.as.connector.subsystems.datasources] (ServerService Thread Pool -- 44) WFLYJCA0004: Deploying JDBC-compliant driver class org.h2.Driver (version 2.2)
2024-07-02 12:34:40,620 INFO  [org.jboss.as.naming] (ServerService Thread Pool -- 67) WFLYNAM0001: Activating Naming Subsystem
2024-07-02 12:34:40,621 INFO  [org.wildfly.extension.metrics] (ServerService Thread Pool -- 64) WFLYMETRICS0001: Activating Base Metrics Subsystem
2024-07-02 12:34:40,621 WARN  [org.jboss.as.txn] (ServerService Thread Pool -- 74) WFLYTX0013: The node-identifier attribute on the /subsystem=transactions is set to the default value. This is a danger for environments running multiple servers. Please make sure the attribute value is unique.
2024-07-02 12:34:40,623 INFO  [org.jboss.as.connector.deployers.jdbc] (MSC service thread 1-5) WFLYJCA0018: Started Driver service with driver-name = h2
2024-07-02 12:34:40,630 INFO  [org.jboss.as.webservices] (ServerService Thread Pool -- 76) WFLYWS0002: Activating WebServices Extension
2024-07-02 12:34:40,633 INFO  [org.jboss.remoting] (MSC service thread 1-8) JBoss Remoting version 5.0.28.Final
2024-07-02 12:34:40,642 INFO  [org.jboss.as.naming] (MSC service thread 1-3) WFLYNAM0003: Starting Naming Service
2024-07-02 12:34:40,643 INFO  [org.jboss.as.mail.extension] (MSC service thread 1-6) WFLYMAIL0001: Bound mail session [java:jboss/mail/Default]
2024-07-02 12:34:40,655 WARN  [org.wildfly.extension.elytron] (MSC service thread 1-2) WFLYELY00023: KeyStore file '/home/marisak/NetBeansProjects/taskProject/target/wildfly-32.0.1.Final/standalone/configuration/application.keystore' does not exist. Used blank.
2024-07-02 12:34:40,656 INFO  [org.wildfly.extension.undertow] (MSC service thread 1-8) WFLYUT0003: Undertow 2.3.13.Final starting
2024-07-02 12:34:40,661 WARN  [org.wildfly.extension.elytron] (MSC service thread 1-3) WFLYELY01084: KeyStore /home/marisak/NetBeansProjects/taskProject/target/wildfly-32.0.1.Final/standalone/configuration/application.keystore not found, it will be auto-generated on first use with a self-signed certificate for host localhost
2024-07-02 12:34:40,690 INFO  [org.jboss.as.ejb3] (MSC service thread 1-6) WFLYEJB0481: Strict pool slsb-strict-max-pool is using a max instance size of 192 (per class), which is derived from thread worker pool sizing.
2024-07-02 12:34:40,691 INFO  [org.jboss.as.ejb3] (MSC service thread 1-4) WFLYEJB0482: Strict pool mdb-strict-max-pool is using a max instance size of 48 (per class), which is derived from the number of CPUs on this host.
2024-07-02 12:34:40,692 INFO  [org.wildfly.extension.undertow] (ServerService Thread Pool -- 75) WFLYUT0014: Creating file handler for path '/home/marisak/NetBeansProjects/taskProject/target/wildfly-32.0.1.Final/welcome-content' with options [directory-listing: 'false', follow-symlink: 'false', case-sensitive: 'true', safe-symlink-paths: '[]']
2024-07-02 12:34:40,697 INFO  [org.wildfly.extension.undertow] (MSC service thread 1-2) WFLYUT0012: Started server default-server.
2024-07-02 12:34:40,698 INFO  [org.wildfly.extension.undertow] (MSC service thread 1-6) Queuing requests.
2024-07-02 12:34:40,699 INFO  [org.wildfly.extension.undertow] (MSC service thread 1-6) WFLYUT0018: Host default-host starting
2024-07-02 12:34:40,734 INFO  [org.wildfly.extension.undertow] (MSC service thread 1-2) WFLYUT0006: Undertow HTTP listener default listening on 127.0.0.1:8080
2024-07-02 12:34:40,769 INFO  [org.wildfly.extension.undertow] (MSC service thread 1-5) WFLYUT0006: Undertow HTTPS listener https listening on 127.0.0.1:8443
2024-07-02 12:34:40,779 INFO  [org.jboss.as.ejb3] (MSC service thread 1-5) WFLYEJB0493: Jakarta Enterprise Beans subsystem suspension complete
2024-07-02 12:34:40,818 INFO  [org.jboss.as.connector.subsystems.datasources] (MSC service thread 1-7) WFLYJCA0001: Bound data source [java:jboss/datasources/ExampleDS]
2024-07-02 12:34:40,835 INFO  [org.jboss.as.server.deployment.scanner] (MSC service thread 1-6) WFLYDS0013: Started FileSystemDeploymentService for directory /home/marisak/NetBeansProjects/taskProject/target/wildfly-32.0.1.Final/standalone/deployments
2024-07-02 12:34:40,871 INFO  [org.jboss.ws.common.management] (MSC service thread 1-2) JBWS022052: Starting JBossWS 7.1.0.Final (Apache CXF 4.0.4) 
2024-07-02 12:34:40,943 INFO  [org.jboss.as.server] (Controller Boot Thread) WFLYSRV0212: Resuming server
2024-07-02 12:34:40,946 INFO  [org.jboss.as] (Controller Boot Thread) WFLYSRV0060: Http management interface listening on http://127.0.0.1:9990/management
2024-07-02 12:34:40,947 INFO  [org.jboss.as] (Controller Boot Thread) WFLYSRV0051: Admin console listening on http://127.0.0.1:9990
2024-07-02 12:34:40,948 INFO  [org.jboss.as] (Controller Boot Thread) WFLYSRV0025: WildFly Full 32.0.1.Final (WildFly Core 24.0.1.Final) started in 1736ms - Started 281 of 523 services (319 services are lazy, passive or on-demand) - Server configuration file in use: standalone.xml
2024-07-02 12:34:41,409 INFO  [org.jboss.as.repository] (management-handler-thread - 1) WFLYDR0001: Content added at location /home/marisak/NetBeansProjects/taskProject/target/wildfly-32.0.1.Final/standalone/data/content/87/802fa66c96ea74e8fc0b5f17520e07dcf2b3a2/content
2024-07-02 12:34:41,418 INFO  [org.jboss.as.server.deployment] (MSC service thread 1-6) WFLYSRV0027: Starting deployment of "taskProject-1.0-SNAPSHOT.war" (runtime-name: "taskProject-1.0-SNAPSHOT.war")
2024-07-02 12:34:42,698 INFO  [org.jboss.as.connector.deployers.jdbc] (MSC service thread 1-3) WFLYJCA0004: Deploying JDBC-compliant driver class org.mariadb.jdbc.Driver (version 3.4)
2024-07-02 12:34:42,726 INFO  [org.jboss.as.connector.deployers.jdbc] (MSC service thread 1-2) WFLYJCA0018: Started Driver service with driver-name = taskProject-1.0-SNAPSHOT.war_org.mariadb.jdbc.Driver_3_4
2024-07-02 12:34:42,770 INFO  [org.wildfly.extension.undertow] (ServerService Thread Pool -- 78) WFLYUT0021: Registered web context: '/taskProject-1.0-SNAPSHOT' for server 'default-server'
2024-07-02 12:34:42,804 INFO  [org.jboss.as.server] (management-handler-thread - 1) WFLYSRV0010: Deployed "taskProject-1.0-SNAPSHOT.war" (runtime-name : "taskProject-1.0-SNAPSHOT.war")
2024-07-02 12:35:49,566 INFO  [stdout] (default task-1) Conectado
2024-07-02 12:45:34,268 INFO  [org.jboss.as.server] (Thread-1) WFLYSRV0272: Suspending server
2024-07-02 12:45:34,270 INFO  [org.jboss.as.ejb3] (Thread-1) WFLYEJB0493: Jakarta Enterprise Beans subsystem suspension complete
2024-07-02 12:45:34,271 INFO  [org.jboss.as.server] (Thread-1) WFLYSRV0220: Server shutdown has been requested via an OS signal
2024-07-02 12:45:34,274 INFO  [org.jboss.as.connector.deployers.jdbc] (MSC service thread 1-8) WFLYJCA0019: Stopped Driver service with driver-name = taskProject-1.0-SNAPSHOT.war_org.mariadb.jdbc.Driver_3_4
2024-07-02 12:45:34,275 INFO  [org.jboss.as.mail.extension] (MSC service thread 1-5) WFLYMAIL0002: Unbound mail session [java:jboss/mail/Default]
2024-07-02 12:45:34,276 INFO  [org.wildfly.extension.undertow] (ServerService Thread Pool -- 78) WFLYUT0022: Unregistered web context: '/taskProject-1.0-SNAPSHOT' from server 'default-server'
2024-07-02 12:45:34,278 INFO  [org.wildfly.extension.undertow] (MSC service thread 1-7) WFLYUT0019: Host default-host stopping
2024-07-02 12:45:34,278 INFO  [org.jboss.as.connector.subsystems.datasources] (MSC service thread 1-3) WFLYJCA0010: Unbound data source [java:jboss/datasources/ExampleDS]
2024-07-02 12:45:34,279 INFO  [org.jboss.as.connector.deployers.jdbc] (MSC service thread 1-5) WFLYJCA0019: Stopped Driver service with driver-name = h2
2024-07-02 12:45:34,291 INFO  [org.wildfly.extension.undertow] (MSC service thread 1-5) WFLYUT0008: Undertow HTTPS listener https suspending
2024-07-02 12:45:34,291 INFO  [org.wildfly.extension.undertow] (MSC service thread 1-4) WFLYUT0008: Undertow HTTP listener default suspending
2024-07-02 12:45:34,291 INFO  [org.wildfly.extension.undertow] (MSC service thread 1-4) WFLYUT0007: Undertow HTTP listener default stopped, was bound to 127.0.0.1:8080
2024-07-02 12:45:34,291 INFO  [org.wildfly.extension.undertow] (MSC service thread 1-5) WFLYUT0007: Undertow HTTPS listener https stopped, was bound to 127.0.0.1:8443
2024-07-02 12:45:34,292 INFO  [org.wildfly.extension.undertow] (MSC service thread 1-3) WFLYUT0004: Undertow 2.3.13.Final stopping
2024-07-02 12:45:34,418 INFO  [org.jboss.as.server.deployment] (MSC service thread 1-1) WFLYSRV0028: Stopped deployment taskProject-1.0-SNAPSHOT.war (runtime-name: taskProject-1.0-SNAPSHOT.war) in 145ms
2024-07-02 12:45:34,421 INFO  [org.jboss.as] (MSC service thread 1-5) WFLYSRV0050: WildFly Full 32.0.1.Final (WildFly Core 24.0.1.Final) stopped in 147ms
